#
# There is insufficient memory for the Java Runtime Environment to continue.
# Native memory allocation (malloc) failed to allocate 705296 bytes for Chunk::new
# Possible reasons:
#   The system is out of physical RAM or swap space
#   In 32 bit mode, the process size limit was hit
# Possible solutions:
#   Reduce memory load on the system
#   Increase physical memory or swap space
#   Check if swap backing store is full
#   Use 64 bit Java on a 64 bit OS
#   Decrease Java heap size (-Xmx/-Xms)
#   Decrease number of Java threads
#   Decrease Java thread stack sizes (-Xss)
#   Set larger code cache with -XX:ReservedCodeCacheSize=
# This output file may be truncated or incomplete.
#
#  Out of Memory Error (allocation.cpp:390), pid=16356, tid=0x0000000000002e58
#
# JRE version: Java(TM) SE Runtime Environment (8.0_144-b01) (build 1.8.0_144-b01)
# Java VM: Java HotSpot(TM) 64-Bit Server VM (25.144-b01 mixed mode windows-amd64 compressed oops)
# Failed to write core dump. Minidumps are not enabled by default on client versions of Windows
#

---------------  T H R E A D  ---------------

Current thread (0x00000000171e5800):  JavaThread "C2 CompilerThread2" daemon [_thread_in_native, id=11864, stack(0x0000000017b90000,0x0000000017c90000)]

Stack: [0x0000000017b90000,0x0000000017c90000]
[error occurred during error reporting (printing stack bounds), id 0xc0000005]

Native frames: (J=compiled Java code, j=interpreted, Vv=VM code, C=native code)


Current CompileTask:
C2:  13036 4534       4       com.google.gwt.dev.jjs.impl.ControlFlowAnalyzer$RescueVisitor::rescue (303 bytes)


---------------  P R O C E S S  ---------------

Java Threads: ( => current thread )
  0x00000000171fa000 JavaThread "Service Thread" daemon [_thread_blocked, id=2380, stack(0x0000000017d90000,0x0000000017e90000)]
  0x00000000171eb800 JavaThread "C1 CompilerThread3" daemon [_thread_blocked, id=14972, stack(0x0000000017c90000,0x0000000017d90000)]
=>0x00000000171e5800 JavaThread "C2 CompilerThread2" daemon [_thread_in_native, id=11864, stack(0x0000000017b90000,0x0000000017c90000)]
  0x00000000171e3000 JavaThread "C2 CompilerThread1" daemon [_thread_in_native, id=6728, stack(0x0000000017a90000,0x0000000017b90000)]
  0x00000000171e0800 JavaThread "C2 CompilerThread0" daemon [_thread_in_native, id=6468, stack(0x0000000017990000,0x0000000017a90000)]
  0x00000000171de000 JavaThread "Attach Listener" daemon [_thread_blocked, id=4488, stack(0x0000000017890000,0x0000000017990000)]
  0x00000000171dd000 JavaThread "Signal Dispatcher" daemon [_thread_blocked, id=4636, stack(0x0000000017790000,0x0000000017890000)]
  0x00000000171c0800 JavaThread "Finalizer" daemon [_thread_blocked, id=11408, stack(0x00000000175a0000,0x00000000176a0000)]
  0x00000000152b1800 JavaThread "Reference Handler" daemon [_thread_blocked, id=11924, stack(0x00000000170a0000,0x00000000171a0000)]
  0x000000000269f000 JavaThread "main" [_thread_in_native, id=3704, stack(0x0000000002510000,0x0000000002610000)]

Other Threads:
  0x00000000152ab000 VMThread [stack: 0x0000000016fa0000,0x00000000170a0000] [id=6972]
  0x00000000172b4000 WatcherThread [stack: 0x0000000017f90000,0x0000000018090000] [id=12608]

VM state:not at safepoint (normal execution)

VM Mutex/Monitor currently owned by a thread: None

Heap:
 PSYoungGen      total 249856K, used 75638K [0x00000000eab00000, 0x00000000fda00000, 0x0000000100000000)
  eden space 191488K, 38% used [0x00000000eab00000,0x00000000ef2df680,0x00000000f6600000)
  from space 58368K, 3% used [0x00000000fa000000,0x00000000fa1fe530,0x00000000fd900000)
  to   space 59392K, 0% used [0x00000000f6600000,0x00000000f6600000,0x00000000fa000000)
 ParOldGen       total 248320K, used 124712K [0x00000000c0000000, 0x00000000cf280000, 0x00000000eab00000)
  object space 248320K, 50% used [0x00000000c0000000,0x00000000c79ca138,0x00000000cf280000)
 Metaspace       used 12554K, capacity 13194K, committed 13440K, reserved 1060864K
  class space    used 1495K, capacity 1651K, committed 1664K, reserved 1048576K

Card table byte_map: [0x0000000011b50000,0x0000000011d60000] byte_map_base: 0x0000000011550000

Marking Bits: (ParMarkBitMap*) 0x000000006b50d850
 Begin Bits: [0x00000000126c0000, 0x00000000136c0000)
 End Bits:   [0x00000000136c0000, 0x00000000146c0000)

Polling page: 0x0000000000b90000

CodeCache: size=245760Kb used=12208Kb max_used=12209Kb free=233551Kb
 bounds [0x0000000002790000, 0x0000000003390000, 0x0000000011790000]
 total_blobs=4383 nmethods=4059 adapters=232
 compilation: enabled

Compilation events (10 events):
Event: 12.986 Thread 0x00000000171eb800 4595       2       com.google.gwt.dev.jjs.impl.ControlFlowAnalyzer$RescueVisitor::access$1900 (6 bytes)
Event: 12.986 Thread 0x00000000171eb800 nmethod 4595 0x0000000003387710 code [0x0000000003387880, 0x00000000033879c8]
Event: 12.986 Thread 0x00000000171eb800 4596       2       com.google.gwt.dev.jjs.ast.JMethod::canBeImplementedExternally (20 bytes)
Event: 12.986 Thread 0x00000000171eb800 nmethod 4596 0x000000000338a190 code [0x000000000338a300, 0x000000000338a4e8]
Event: 12.999 Thread 0x00000000171eb800 4597       2       com.google.gwt.dev.jjs.impl.ControlFlowAnalyzer$RescueVisitor::access$600 (6 bytes)
Event: 13.000 Thread 0x00000000171eb800 nmethod 4597 0x0000000003389e10 code [0x0000000003389f80, 0x000000000338a0c8]
Event: 13.002 Thread 0x00000000171eb800 4598       2       com.google.gwt.dev.jjs.ast.JDeclaredType::canBeImplementedExternally (20 bytes)
Event: 13.002 Thread 0x00000000171eb800 nmethod 4598 0x0000000003389a90 code [0x0000000003389be0, 0x0000000003389d70]
Event: 13.023 Thread 0x00000000171eb800 4599       2       com.google.gwt.dev.jjs.ast.JArrayType::canBeImplementedExternally (27 bytes)
Event: 13.023 Thread 0x00000000171eb800 nmethod 4599 0x0000000003389650 code [0x00000000033897c0, 0x00000000033899a8]

GC Heap History (10 events):
Event: 9.271 GC heap before
{Heap before GC invocations=8 (full 1):
 PSYoungGen      total 158720K, used 129792K [0x00000000eab00000, 0x00000000f8d00000, 0x0000000100000000)
  eden space 121344K, 100% used [0x00000000eab00000,0x00000000f2180000,0x00000000f2180000)
  from space 37376K, 22% used [0x00000000f4680000,0x00000000f4ec0030,0x00000000f6b00000)
  to   space 37888K, 0% used [0x00000000f2180000,0x00000000f2180000,0x00000000f4680000)
 ParOldGen       total 152576K, used 106094K [0x00000000c0000000, 0x00000000c9500000, 0x00000000eab00000)
  object space 152576K, 69% used [0x00000000c0000000,0x00000000c679bbc8,0x00000000c9500000)
 Metaspace       used 11583K, capacity 12234K, committed 12416K, reserved 1060864K
  class space    used 1415K, capacity 1587K, committed 1664K, reserved 1048576K
Event: 9.351 GC heap after
Heap after GC invocations=8 (full 1):
 PSYoungGen      total 159232K, used 14521K [0x00000000eab00000, 0x00000000f8d80000, 0x0000000100000000)
  eden space 121344K, 0% used [0x00000000eab00000,0x00000000eab00000,0x00000000f2180000)
  from space 37888K, 38% used [0x00000000f2180000,0x00000000f2fae6d8,0x00000000f4680000)
  to   space 35840K, 0% used [0x00000000f6a80000,0x00000000f6a80000,0x00000000f8d80000)
 ParOldGen       total 152576K, used 106102K [0x00000000c0000000, 0x00000000c9500000, 0x00000000eab00000)
  object space 152576K, 69% used [0x00000000c0000000,0x00000000c679dbc8,0x00000000c9500000)
 Metaspace       used 11583K, capacity 12234K, committed 12416K, reserved 1060864K
  class space    used 1415K, capacity 1587K, committed 1664K, reserved 1048576K
}
Event: 10.180 GC heap before
{Heap before GC invocations=9 (full 1):
 PSYoungGen      total 159232K, used 135865K [0x00000000eab00000, 0x00000000f8d80000, 0x0000000100000000)
  eden space 121344K, 100% used [0x00000000eab00000,0x00000000f2180000,0x00000000f2180000)
  from space 37888K, 38% used [0x00000000f2180000,0x00000000f2fae6d8,0x00000000f4680000)
  to   space 35840K, 0% used [0x00000000f6a80000,0x00000000f6a80000,0x00000000f8d80000)
 ParOldGen       total 152576K, used 106102K [0x00000000c0000000, 0x00000000c9500000, 0x00000000eab00000)
  object space 152576K, 69% used [0x00000000c0000000,0x00000000c679dbc8,0x00000000c9500000)
 Metaspace       used 11643K, capacity 12298K, committed 12416K, reserved 1060864K
  class space    used 1420K, capacity 1587K, committed 1664K, reserved 1048576K
Event: 10.301 GC heap after
Heap after GC invocations=9 (full 1):
 PSYoungGen      total 190464K, used 35815K [0x00000000eab00000, 0x00000000fa200000, 0x0000000100000000)
  eden space 154624K, 0% used [0x00000000eab00000,0x00000000eab00000,0x00000000f4200000)
  from space 35840K, 99% used [0x00000000f6a80000,0x00000000f8d79d80,0x00000000f8d80000)
  to   space 41472K, 0% used [0x00000000f4200000,0x00000000f4200000,0x00000000f6a80000)
 ParOldGen       total 152576K, used 106110K [0x00000000c0000000, 0x00000000c9500000, 0x00000000eab00000)
  object space 152576K, 69% used [0x00000000c0000000,0x00000000c679fbc8,0x00000000c9500000)
 Metaspace       used 11643K, capacity 12298K, committed 12416K, reserved 1060864K
  class space    used 1420K, capacity 1587K, committed 1664K, reserved 1048576K
}
Event: 11.433 GC heap before
{Heap before GC invocations=10 (full 1):
 PSYoungGen      total 190464K, used 190439K [0x00000000eab00000, 0x00000000fa200000, 0x0000000100000000)
  eden space 154624K, 100% used [0x00000000eab00000,0x00000000f4200000,0x00000000f4200000)
  from space 35840K, 99% used [0x00000000f6a80000,0x00000000f8d79d80,0x00000000f8d80000)
  to   space 41472K, 0% used [0x00000000f4200000,0x00000000f4200000,0x00000000f6a80000)
 ParOldGen       total 152576K, used 106110K [0x00000000c0000000, 0x00000000c9500000, 0x00000000eab00000)
  object space 152576K, 69% used [0x00000000c0000000,0x00000000c679fbc8,0x00000000c9500000)
 Metaspace       used 12366K, capacity 13002K, committed 13184K, reserved 1060864K
  class space    used 1478K, capacity 1651K, committed 1664K, reserved 1048576K
Event: 11.518 GC heap after
Heap after GC invocations=10 (full 1):
 PSYoungGen      total 196096K, used 41450K [0x00000000eab00000, 0x00000000fd900000, 0x0000000100000000)
  eden space 154624K, 0% used [0x00000000eab00000,0x00000000eab00000,0x00000000f4200000)
  from space 41472K, 99% used [0x00000000f4200000,0x00000000f6a7abd0,0x00000000f6a80000)
  to   space 58368K, 0% used [0x00000000fa000000,0x00000000fa000000,0x00000000fd900000)
 ParOldGen       total 152576K, used 132688K [0x00000000c0000000, 0x00000000c9500000, 0x00000000eab00000)
  object space 152576K, 86% used [0x00000000c0000000,0x00000000c8194388,0x00000000c9500000)
 Metaspace       used 12366K, capacity 13002K, committed 13184K, reserved 1060864K
  class space    used 1478K, capacity 1651K, committed 1664K, reserved 1048576K
}
Event: 11.518 GC heap before
{Heap before GC invocations=11 (full 2):
 PSYoungGen      total 196096K, used 41450K [0x00000000eab00000, 0x00000000fd900000, 0x0000000100000000)
  eden space 154624K, 0% used [0x00000000eab00000,0x00000000eab00000,0x00000000f4200000)
  from space 41472K, 99% used [0x00000000f4200000,0x00000000f6a7abd0,0x00000000f6a80000)
  to   space 58368K, 0% used [0x00000000fa000000,0x00000000fa000000,0x00000000fd900000)
 ParOldGen       total 152576K, used 132688K [0x00000000c0000000, 0x00000000c9500000, 0x00000000eab00000)
  object space 152576K, 86% used [0x00000000c0000000,0x00000000c8194388,0x00000000c9500000)
 Metaspace       used 12366K, capacity 13002K, committed 13184K, reserved 1060864K
  class space    used 1478K, capacity 1651K, committed 1664K, reserved 1048576K
Event: 12.152 GC heap after
Heap after GC invocations=11 (full 2):
 PSYoungGen      total 196096K, used 0K [0x00000000eab00000, 0x00000000fd900000, 0x0000000100000000)
  eden space 154624K, 0% used [0x00000000eab00000,0x00000000eab00000,0x00000000f4200000)
  from space 41472K, 0% used [0x00000000f4200000,0x00000000f4200000,0x00000000f6a80000)
  to   space 58368K, 0% used [0x00000000fa000000,0x00000000fa000000,0x00000000fd900000)
 ParOldGen       total 248320K, used 124712K [0x00000000c0000000, 0x00000000cf280000, 0x00000000eab00000)
  object space 248320K, 50% used [0x00000000c0000000,0x00000000c79ca138,0x00000000cf280000)
 Metaspace       used 12366K, capacity 13002K, committed 13184K, reserved 1060864K
  class space    used 1478K, capacity 1651K, committed 1664K, reserved 1048576K
}
Event: 12.659 GC heap before
{Heap before GC invocations=12 (full 2):
 PSYoungGen      total 196096K, used 154624K [0x00000000eab00000, 0x00000000fd900000, 0x0000000100000000)
  eden space 154624K, 100% used [0x00000000eab00000,0x00000000f4200000,0x00000000f4200000)
  from space 41472K, 0% used [0x00000000f4200000,0x00000000f4200000,0x00000000f6a80000)
  to   space 58368K, 0% used [0x00000000fa000000,0x00000000fa000000,0x00000000fd900000)
 ParOldGen       total 248320K, used 124712K [0x00000000c0000000, 0x00000000cf280000, 0x00000000eab00000)
  object space 248320K, 50% used [0x00000000c0000000,0x00000000c79ca138,0x00000000cf280000)
 Metaspace       used 12449K, capacity 13066K, committed 13184K, reserved 1060864K
  class space    used 1487K, capacity 1651K, committed 1664K, reserved 1048576K
Event: 12.676 GC heap after
Heap after GC invocations=12 (full 2):
 PSYoungGen      total 249856K, used 2041K [0x00000000eab00000, 0x00000000fda00000, 0x0000000100000000)
  eden space 191488K, 0% used [0x00000000eab00000,0x00000000eab00000,0x00000000f6600000)
  from space 58368K, 3% used [0x00000000fa000000,0x00000000fa1fe530,0x00000000fd900000)
  to   space 59392K, 0% used [0x00000000f6600000,0x00000000f6600000,0x00000000fa000000)
 ParOldGen       total 248320K, used 124712K [0x00000000c0000000, 0x00000000cf280000, 0x00000000eab00000)
  object space 248320K, 50% used [0x00000000c0000000,0x00000000c79ca138,0x00000000cf280000)
 Metaspace       used 12449K, capacity 13066K, committed 13184K, reserved 1060864K
  class space    used 1487K, capacity 1651K, committed 1664K, reserved 1048576K
}

Deoptimization events (10 events):
Event: 12.703 Thread 0x000000000269f000 Uncommon trap: reason=unstable_if action=reinterpret pc=0x000000000333db00 method=com.google.gwt.dev.js.JsNamespaceChooser.findPackage(Lcom/google/gwt/dev/js/ast/JsName;)Ljava/lang/String; @ 35
Event: 12.705 Thread 0x000000000269f000 Uncommon trap: reason=bimorphic action=maybe_recompile pc=0x00000000032f7a88 method=com.google.gwt.dev.js.ast.JsThisRef.traverse(Lcom/google/gwt/dev/js/ast/JsVisitor;Lcom/google/gwt/dev/js/ast/JsContext;)V @ 10
Event: 12.705 Thread 0x000000000269f000 Uncommon trap: reason=bimorphic action=maybe_recompile pc=0x00000000032f7a88 method=com.google.gwt.dev.js.ast.JsThisRef.traverse(Lcom/google/gwt/dev/js/ast/JsVisitor;Lcom/google/gwt/dev/js/ast/JsContext;)V @ 10
Event: 12.705 Thread 0x000000000269f000 Uncommon trap: reason=bimorphic action=maybe_recompile pc=0x00000000032f7a88 method=com.google.gwt.dev.js.ast.JsThisRef.traverse(Lcom/google/gwt/dev/js/ast/JsVisitor;Lcom/google/gwt/dev/js/ast/JsContext;)V @ 10
Event: 12.705 Thread 0x000000000269f000 Uncommon trap: reason=bimorphic action=maybe_recompile pc=0x00000000032f7a88 method=com.google.gwt.dev.js.ast.JsThisRef.traverse(Lcom/google/gwt/dev/js/ast/JsVisitor;Lcom/google/gwt/dev/js/ast/JsContext;)V @ 10
Event: 12.788 Thread 0x000000000269f000 Uncommon trap: reason=unstable_if action=reinterpret pc=0x0000000003011668 method=com.google.gwt.dev.jjs.ast.JMethod.isJsFunctionMethod()Z @ 14
Event: 12.827 Thread 0x000000000269f000 Uncommon trap: reason=unstable_if action=reinterpret pc=0x0000000002f1e468 method=com.google.gwt.dev.jjs.ast.JArrayType.canBeImplementedExternally()Z @ 18
Event: 12.986 Thread 0x000000000269f000 Uncommon trap: reason=unstable_if action=reinterpret pc=0x0000000002eaf6a0 method=com.google.gwt.dev.jjs.ast.JDeclaredType.canBeImplementedExternally()Z @ 11
Event: 12.986 Thread 0x000000000269f000 Uncommon trap: reason=unstable_if action=reinterpret pc=0x00000000031eca5c method=com.google.gwt.dev.jjs.ast.JMethod.isJsFunctionMethod()Z @ 14
Event: 12.986 Thread 0x000000000269f000 Uncommon trap: reason=unstable_if action=reinterpret pc=0x0000000002a32ee4 method=com.google.gwt.dev.jjs.ast.JMethod.isJsFunctionMethod()Z @ 14

Internal exceptions (10 events):
Event: 4.249 Thread 0x000000000269f000 Exception <a 'java/lang/NoSuchMethodError': <clinit>> (0x00000000ee3707f8) thrown at [C:\re\workspace\8-2-build-windows-amd64-cygwin\jdk8u144\9417\hotspot\src\share\vm\prims\jni.cpp, line 1613]
Event: 4.252 Thread 0x000000000269f000 Exception <a 'java/lang/NoSuchMethodError': <clinit>> (0x00000000ee391980) thrown at [C:\re\workspace\8-2-build-windows-amd64-cygwin\jdk8u144\9417\hotspot\src\share\vm\prims\jni.cpp, line 1613]
Event: 4.253 Thread 0x000000000269f000 Exception <a 'java/lang/NoSuchMethodError': <clinit>> (0x00000000ee39cdb8) thrown at [C:\re\workspace\8-2-build-windows-amd64-cygwin\jdk8u144\9417\hotspot\src\share\vm\prims\jni.cpp, line 1613]
Event: 4.254 Thread 0x000000000269f000 Exception <a 'java/lang/NoSuchMethodError': <clinit>> (0x00000000ee3b3a88) thrown at [C:\re\workspace\8-2-build-windows-amd64-cygwin\jdk8u144\9417\hotspot\src\share\vm\prims\jni.cpp, line 1613]
Event: 4.261 Thread 0x000000000269f000 Exception <a 'java/lang/NoSuchMethodError': <clinit>> (0x00000000ee41c638) thrown at [C:\re\workspace\8-2-build-windows-amd64-cygwin\jdk8u144\9417\hotspot\src\share\vm\prims\jni.cpp, line 1613]
Event: 4.264 Thread 0x000000000269f000 Exception <a 'java/lang/NoSuchMethodError': <clinit>> (0x00000000ee4373c0) thrown at [C:\re\workspace\8-2-build-windows-amd64-cygwin\jdk8u144\9417\hotspot\src\share\vm\prims\jni.cpp, line 1613]
Event: 10.534 Thread 0x000000000269f000 Implicit null exception at 0x00000000031f4fa1 to 0x00000000031f59b1
Event: 11.341 Thread 0x000000000269f000 Implicit null exception at 0x000000000313c02c to 0x000000000313cdb9
Event: 12.329 Thread 0x000000000269f000 Implicit null exception at 0x00000000030f4413 to 0x00000000030f4581
Event: 12.703 Thread 0x000000000269f000 Implicit null exception at 0x000000000333d710 to 0x000000000333daf5

Events (10 events):
Event: 12.828 Thread 0x000000000269f000 DEOPT UNPACKING pc=0x00000000027d582a sp=0x0000000002605248 mode 2
Event: 12.986 Thread 0x000000000269f000 Uncommon trap: trap_request=0xffffff65 fr.pc=0x0000000002eaf6a0
Event: 12.986 Thread 0x000000000269f000 DEOPT PACKING pc=0x0000000002eaf6a0 sp=0x000000000260ee70
Event: 12.986 Thread 0x000000000269f000 DEOPT UNPACKING pc=0x00000000027d582a sp=0x000000000260ee08 mode 2
Event: 12.986 Thread 0x000000000269f000 Uncommon trap: trap_request=0xffffff65 fr.pc=0x00000000031eca5c
Event: 12.986 Thread 0x000000000269f000 DEOPT PACKING pc=0x00000000031eca5c sp=0x000000000260ee60
Event: 12.986 Thread 0x000000000269f000 DEOPT UNPACKING pc=0x00000000027d582a sp=0x000000000260edb0 mode 2
Event: 12.986 Thread 0x000000000269f000 Uncommon trap: trap_request=0xffffff65 fr.pc=0x0000000002a32ee4
Event: 12.986 Thread 0x000000000269f000 DEOPT PACKING pc=0x0000000002a32ee4 sp=0x000000000260ee10
Event: 12.986 Thread 0x000000000269f000 DEOPT UNPACKING pc=0x00000000027d582a sp=0x000000000260eda8 mode 2


Dynamic libraries:
0x00007ff6173f0000 - 0x00007ff617427000 	C:\Program Files\Java\jdk1.8.0_144\jre\bin\java.exe
0x00007ffcc5090000 - 0x00007ffcc5271000 	C:\WINDOWS\SYSTEM32\ntdll.dll
0x00007ffcc4f70000 - 0x00007ffcc5022000 	C:\WINDOWS\System32\KERNEL32.DLL
0x00007ffcc2150000 - 0x00007ffcc23c3000 	C:\WINDOWS\System32\KERNELBASE.dll
0x00007ffcc2e00000 - 0x00007ffcc2ea1000 	C:\WINDOWS\System32\ADVAPI32.dll
0x00007ffcc4e60000 - 0x00007ffcc4efe000 	C:\WINDOWS\System32\msvcrt.dll
0x00007ffcc4e00000 - 0x00007ffcc4e5b000 	C:\WINDOWS\System32\sechost.dll
0x00007ffcc2fa0000 - 0x00007ffcc30c4000 	C:\WINDOWS\System32\RPCRT4.dll
0x00007ffcc3780000 - 0x00007ffcc3910000 	C:\WINDOWS\System32\USER32.dll
0x00007ffcc20b0000 - 0x00007ffcc20d0000 	C:\WINDOWS\System32\win32u.dll
0x00007ffcc5030000 - 0x00007ffcc5058000 	C:\WINDOWS\System32\GDI32.dll
0x00007ffcc1cd0000 - 0x00007ffcc1e62000 	C:\WINDOWS\System32\gdi32full.dll
0x00007ffcc23d0000 - 0x00007ffcc246f000 	C:\WINDOWS\System32\msvcp_win.dll
0x00007ffcc1bd0000 - 0x00007ffcc1cca000 	C:\WINDOWS\System32\ucrtbase.dll
0x00007ffcb5a00000 - 0x00007ffcb5c69000 	C:\WINDOWS\WinSxS\amd64_microsoft.windows.common-controls_6595b64144ccf1df_6.0.17134.48_none_b4b2216a3cb4dd3e\COMCTL32.dll
0x00007ffcc2970000 - 0x00007ffcc2c93000 	C:\WINDOWS\System32\combase.dll
0x00007ffcc20d0000 - 0x00007ffcc214a000 	C:\WINDOWS\System32\bcryptPrimitives.dll
0x00007ffcc35d0000 - 0x00007ffcc35fd000 	C:\WINDOWS\System32\IMM32.DLL
0x000000006b9a0000 - 0x000000006ba72000 	C:\Program Files\Java\jdk1.8.0_144\jre\bin\msvcr100.dll
0x000000006acf0000 - 0x000000006b58d000 	C:\Program Files\Java\jdk1.8.0_144\jre\bin\server\jvm.dll
0x00007ffcc2eb0000 - 0x00007ffcc2eb8000 	C:\WINDOWS\System32\PSAPI.DLL
0x00007ffcbd5a0000 - 0x00007ffcbd5c3000 	C:\WINDOWS\SYSTEM32\WINMM.dll
0x00007ffcaef30000 - 0x00007ffcaef39000 	C:\WINDOWS\SYSTEM32\WSOCK32.dll
0x00007ffcbb640000 - 0x00007ffcbb64a000 	C:\WINDOWS\SYSTEM32\VERSION.dll
0x00007ffcc30d0000 - 0x00007ffcc313c000 	C:\WINDOWS\System32\WS2_32.dll
0x00007ffcbd570000 - 0x00007ffcbd59a000 	C:\WINDOWS\SYSTEM32\winmmbase.dll
0x00007ffcc1e70000 - 0x00007ffcc1eb9000 	C:\WINDOWS\System32\cfgmgr32.dll
0x000000006b950000 - 0x000000006b95f000 	C:\Program Files\Java\jdk1.8.0_144\jre\bin\verify.dll
0x000000006acc0000 - 0x000000006ace9000 	C:\Program Files\Java\jdk1.8.0_144\jre\bin\java.dll
0x000000006b930000 - 0x000000006b946000 	C:\Program Files\Java\jdk1.8.0_144\jre\bin\zip.dll
0x00007ffcc39c0000 - 0x00007ffcc4e00000 	C:\WINDOWS\System32\SHELL32.dll
0x00007ffcc3910000 - 0x00007ffcc39b9000 	C:\WINDOWS\System32\shcore.dll
0x00007ffcc14c0000 - 0x00007ffcc1bcd000 	C:\WINDOWS\System32\windows.storage.dll
0x00007ffcc2ca0000 - 0x00007ffcc2cf1000 	C:\WINDOWS\System32\shlwapi.dll
0x00007ffcc1400000 - 0x00007ffcc1411000 	C:\WINDOWS\System32\kernel.appcore.dll
0x00007ffcc1420000 - 0x00007ffcc143f000 	C:\WINDOWS\System32\profapi.dll
0x00007ffcc13a0000 - 0x00007ffcc13ec000 	C:\WINDOWS\System32\powrprof.dll
0x00007ffcc13f0000 - 0x00007ffcc13fa000 	C:\WINDOWS\System32\FLTLIB.DLL
0x000000006aca0000 - 0x000000006acba000 	C:\Program Files\Java\jdk1.8.0_144\jre\bin\net.dll
0x00007ffcc0c20000 - 0x00007ffcc0c86000 	C:\WINDOWS\system32\mswsock.dll
0x00007ffcc09e0000 - 0x00007ffcc0a9e000 	C:\WINDOWS\SYSTEM32\DNSAPI.dll
0x00007ffcc2f90000 - 0x00007ffcc2f98000 	C:\WINDOWS\System32\NSI.dll
0x00007ffcc09a0000 - 0x00007ffcc09d8000 	C:\WINDOWS\SYSTEM32\IPHLPAPI.DLL
0x00007ffcb9a50000 - 0x00007ffcb9a5a000 	C:\Windows\System32\rasadhlp.dll
0x00007ffcb5700000 - 0x00007ffcb5772000 	C:\WINDOWS\System32\fwpuclnt.dll
0x00007ffcc0f00000 - 0x00007ffcc0f25000 	C:\WINDOWS\SYSTEM32\bcrypt.dll
0x00007ffcc0dd0000 - 0x00007ffcc0de7000 	C:\WINDOWS\SYSTEM32\CRYPTSP.dll
0x00007ffcc0800000 - 0x00007ffcc0833000 	C:\WINDOWS\system32\rsaenh.dll
0x00007ffcc12d0000 - 0x00007ffcc12f8000 	C:\WINDOWS\SYSTEM32\USERENV.dll
0x00007ffcc0df0000 - 0x00007ffcc0dfb000 	C:\WINDOWS\SYSTEM32\CRYPTBASE.dll
0x00007ffcba1c0000 - 0x00007ffcba1d6000 	C:\WINDOWS\SYSTEM32\dhcpcsvc6.DLL
0x00007ffcbb290000 - 0x00007ffcbb2aa000 	C:\WINDOWS\SYSTEM32\dhcpcsvc.DLL
0x000000006ac80000 - 0x000000006ac91000 	C:\Program Files\Java\jdk1.8.0_144\jre\bin\nio.dll

VM Arguments:
jvm_args: -Xmx1g 
java_command: com.google.gwt.dev.CompilePermsServer -host localhost -port 62058 -logLevel INFO -cookie 9B818E82C122F68D78ED6EBCB663DEBE
java_class_path (initial): E:\Isep\LAPR4\lapr4-18-2dc\nsheets\target\nsheets-1.0-SNAPSHOT\WEB-INF\classes;E:\Isep\LAPR4\lapr4-18-2dc\nsheets\src\main\java;E:\Isep\LAPR4\lapr4-18-2dc\nsheets\target\generated-sources\annotations;C:\Users\Oliveira\.m2\repository\org\wisepersist\gwt-uploader\1.2.2\gwt-uploader-1.2.2.jar;C:\Users\Oliveira\.m2\repository\com\google\guava\guava-gwt\22.0\guava-gwt-22.0.jar;C:\Users\Oliveira\.m2\repository\com\google\guava\guava\22.0\guava-22.0.jar;C:\Users\Oliveira\.m2\repository\com\google\errorprone\error_prone_annotations\2.0.18\error_prone_annotations-2.0.18.jar;C:\Users\Oliveira\.m2\repository\com\google\j2objc\j2objc-annotations\1.1\j2objc-annotations-1.1.jar;C:\Users\Oliveira\.m2\repository\org\codehaus\mojo\animal-sniffer-annotations\1.14\animal-sniffer-annotations-1.14.jar;C:\Users\Oliveira\.m2\repository\com\google\code\findbugs\annotations\3.0.1\annotations-3.0.1.jar;C:\Users\Oliveira\.m2\repository\net\jcip\jcip-annotations\1.0\jcip-annotations-1.0.jar;C:\Users\Oliveira\.m2\repository\com\google\code\findbugs\jsr305\3.0.1\jsr305-3.0.1.jar;E:\Isep\LAPR4\lapr4-18-2dc\server\target\server-1.0-SNAPSHOT.jar;E:\Isep\LAPR4\lapr4-18-2dc\framework\target\framework-1.0-SNAPSHOT.jar;C:\Users\Oliveira\.m2\repository\xml-apis\xml-apis\1.4.01\xml-apis-1.4.01.jar;C:\Users\Oliveira\.m2\repository\xmlunit\xmlunit\1.6\xmlunit-1.6.jar;C:\Users\Oliveira\.m2\repository\org\codehaus\sonar-plugins\java\sonar-jacoco-listeners\3.2\sonar-jacoco-listeners-3.2.jar;E:\Isep\LAPR4\lapr4-18-2dc\util\target\util-1.0-SNAPSHOT.jar;C:\Users\Oliveira\.m2\repository\com\h2database\h2\1.4.191\h2-1.4.191.jar;C:\Users\Oliveira\.m2\repository\com\itextpdf\itextpdf\5.0.6\itextpdf-5.0.6.jar;C:\Users\Oliveira\.m2\repository\org\bouncycastle\bcmail-jdk14\1.38\bcmail-jdk14-1.38.jar;C:\Users\Oliveira\.m2\repository\org\bouncycastle\bcprov-jdk14\1.38\bcprov-jdk14-1.38.jar;C:\Users\Oliveira\.m2\repository\org\bouncycastle\bctsp-jdk14\1.38\bctsp-jdk14-1.38.jar;C:\Users\Oliveir
Launcher Type: SUN_STANDARD

Environment Variables:
JAVA_HOME=C:\Program Files\Java\jdk1.8.0_144
PATH=E:\Isep\apache-maven-3.5.3\bin;C:\Program Files\Git\cmd;C:\WINDOWS\system32;C:\Program Files\Java\jdk1.8.0_144\bin;";C:\libs\;";C:\Users\Oliveira\scoop\shims;C:\Users\Oliveira\AppData\Local\Microsoft\WindowsApps;C:\Program Files\Intel\WiFi\bin\;C:\Program Files\Common Files\Intel\WirelessCommon\;;C:\Program Files\Microsoft VS Code\bin;c:\Program Files\Saxonica\SaxonHE9.8N\bin;c:\Program Files\Saxonica\SaxonHE9.8N\bin
USERNAME=Oliveira
OS=Windows_NT
PROCESSOR_IDENTIFIER=Intel64 Family 6 Model 158 Stepping 9, GenuineIntel



---------------  S Y S T E M  ---------------

OS: Windows 10.0 , 64 bit Build 17134 (10.0.17134.1)

CPU:total 8 (initial active 8) (4 cores per cpu, 2 threads per core) family 6 model 158 stepping 9, cmov, cx8, fxsr, mmx, sse, sse2, sse3, ssse3, sse4.1, sse4.2, popcnt, avx, avx2, aes, clmul, erms, 3dnowpref, lzcnt, ht, tsc, tscinvbit, bmi1, bmi2, adx

Memory: 4k page, physical 8268820k(2423072k free), swap 33434644k(5636k free)

vm_info: Java HotSpot(TM) 64-Bit Server VM (25.144-b01) for windows-amd64 JRE (1.8.0_144-b01), built on Jul 21 2017 21:57:33 by "java_re" with MS VC++ 10.0 (VS2010)

time: Wed Jun 13 01:06:37 2018
elapsed time: 13 seconds (0d 0h 0m 13s)

